2024-09-28 15:09:11,624 - matplotlib - DEBUG - matplotlib data path: C:\Users\D.Muehlfeld\AppData\Local\anaconda3\envs\ml_env\Lib\site-packages\matplotlib\mpl-data
2024-09-28 15:09:11,627 - matplotlib - DEBUG - CONFIGDIR=C:\Users\D.Muehlfeld\.matplotlib
2024-09-28 15:09:11,628 - matplotlib - DEBUG - interactive is False
2024-09-28 15:09:11,629 - matplotlib - DEBUG - platform is win32
2024-09-28 15:09:11,665 - matplotlib - DEBUG - CACHEDIR=C:\Users\D.Muehlfeld\.matplotlib
2024-09-28 15:09:11,666 - matplotlib.font_manager - DEBUG - Using fontManager instance from C:\Users\D.Muehlfeld\.matplotlib\fontlist-v330.json
2024-09-28 15:09:13,332 - __main__ - INFO - Starting training process.
2024-09-28 15:09:13,332 - __main__ - INFO - Configuration path set to C:\Users\D.Muehlfeld\PycharmProjects\Algorithm\config\config.yaml.
2024-09-28 15:09:13,339 - __main__ - INFO - Configuration loaded successfully from C:\Users\D.Muehlfeld\PycharmProjects\Algorithm\config\config.yaml.
2024-09-28 15:09:13,339 - __main__ - INFO - Data directory set to C:\Users\D.Muehlfeld\Documents\Berechnungsdaten_Valve\Zwischenspeicher.
2024-09-28 15:09:13,339 - __main__ - INFO - Hyperparameters extracted from configuration.
2024-09-28 15:09:13,339 - __main__ - INFO - Node lists extracted from configuration.
2024-09-28 15:09:13,343 - src.data.data_preparation - INFO - First dataset loaded successfully.
2024-09-28 15:09:13,353 - src.data.data_preparation - INFO - KNN imputation completed for the first dataset.
2024-09-28 15:09:13,353 - src.data.data_loader - WARNING - No connected values found for node 0; cannot impute.
2024-09-28 15:09:13,353 - src.data.data_loader - WARNING - No connected values found for node 8; cannot impute.
2024-09-28 15:09:13,353 - src.data.data_loader - WARNING - No connected values found for node 18; cannot impute.
2024-09-28 15:09:13,353 - src.data.data_loader - WARNING - No connected values found for node 23; cannot impute.
2024-09-28 15:09:13,353 - src.data.data_loader - WARNING - No connected values found for node 31; cannot impute.
2024-09-28 15:09:13,353 - src.data.data_loader - WARNING - No connected values found for node 37; cannot impute.
2024-09-28 15:09:13,353 - src.data.data_loader - WARNING - No connected values found for node 41; cannot impute.
2024-09-28 15:09:13,353 - src.data.data_loader - WARNING - No connected values found for node 45; cannot impute.
2024-09-28 15:09:13,353 - src.data.data_loader - WARNING - No connected values found for node 46; cannot impute.
2024-09-28 15:09:13,353 - src.data.data_loader - WARNING - No connected values found for node 47; cannot impute.
2024-09-28 15:09:13,353 - src.data.data_loader - WARNING - No connected values found for node 48; cannot impute.
2024-09-28 15:09:13,353 - src.data.data_loader - WARNING - No connected values found for node 49; cannot impute.
2024-09-28 15:09:13,353 - src.data.data_loader - WARNING - No connected values found for node 50; cannot impute.
2024-09-28 15:09:13,354 - src.data.data_loader - WARNING - No connected values found for node 52; cannot impute.
2024-09-28 15:09:13,354 - src.data.data_loader - WARNING - No connected values found for node 53; cannot impute.
2024-09-28 15:09:13,354 - src.data.data_loader - WARNING - No connected values found for node 54; cannot impute.
2024-09-28 15:09:13,354 - src.data.data_loader - WARNING - No connected values found for node 55; cannot impute.
2024-09-28 15:09:13,354 - src.data.data_loader - WARNING - No connected values found for node 83; cannot impute.
2024-09-28 15:09:13,354 - src.data.data_loader - WARNING - No connected values found for node 94; cannot impute.
2024-09-28 15:09:13,354 - src.data.data_loader - WARNING - No connected values found for node 106; cannot impute.
2024-09-28 15:09:13,354 - src.data.data_loader - WARNING - No connected values found for node 137; cannot impute.
2024-09-28 15:09:13,354 - src.data.data_loader - WARNING - No connected values found for node 199; cannot impute.
2024-09-28 15:09:13,354 - src.data.data_loader - WARNING - No connected values found for node 207; cannot impute.
2024-09-28 15:09:13,354 - src.data.data_loader - WARNING - No connected values found for node 214; cannot impute.
2024-09-28 15:09:13,354 - src.data.data_loader - WARNING - No connected values found for node 220; cannot impute.
2024-09-28 15:09:13,354 - src.data.data_loader - WARNING - No connected values found for node 224; cannot impute.
2024-09-28 15:09:13,354 - src.data.data_loader - WARNING - No connected values found for node 225; cannot impute.
2024-09-28 15:09:13,354 - src.data.data_loader - WARNING - No connected values found for node 246; cannot impute.
2024-09-28 15:09:13,354 - src.data.data_loader - WARNING - No connected values found for node 255; cannot impute.
2024-09-28 15:09:13,354 - src.data.data_loader - WARNING - No connected values found for node 287; cannot impute.
2024-09-28 15:09:13,354 - src.data.data_loader - WARNING - No connected values found for node 290; cannot impute.
2024-09-28 15:09:13,354 - src.data.data_loader - WARNING - No connected values found for node 292; cannot impute.
2024-09-28 15:09:13,354 - src.data.data_loader - WARNING - No connected values found for node 293; cannot impute.
2024-09-28 15:09:13,354 - src.data.data_loader - INFO - Graph-based imputation completed for column 'ZUFLUSS_WL'.
2024-09-28 15:09:13,355 - src.data.data_preparation - INFO - Graph-based imputation completed for 'ZUFLUSS_WL'.
2024-09-28 15:09:13,356 - src.data.data_preparation - INFO - One-Hot Encoding for 'ROHRTYP' completed.
2024-09-28 15:09:13,356 - src.data.data_preparation - INFO - Dropped 'RAU' column from edges.
2024-09-28 15:09:13,358 - src.data.data_preparation - INFO - Scalers fitted on the first dataset.
2024-09-28 15:09:13,361 - src.data.data_preparation - INFO - Scaling of features completed.
2024-09-28 15:09:13,361 - __main__ - ERROR - Error during data preparation: 'DataModule' object has no attribute 'get_scalers'
