2024-06-27 11:32:58,997 - INFO - Starting data processing for file: C:\Users\d.muehlfeld\Berechnungsdaten\25_Schopfloch.CSV
2024-06-27 11:33:00,386 - INFO - Data loaded successfully.
2024-06-27 11:33:00,404 - INFO - Data split successfully.
2024-06-27 11:33:00,779 - INFO - DataFrames saved successfully.
2024-06-27 11:33:00,780 - INFO - Data processing complete. DataFrames saved.
2024-06-27 11:36:01,367 - INFO - Starting data processing for file: C:\Users\d.muehlfeld\Berechnungsdaten\25_Schopfloch.CSV
2024-06-27 11:36:01,367 - INFO - DataLoader initialized with file path: C:\Users\d.muehlfeld\Berechnungsdaten\25_Schopfloch.CSV
2024-06-27 11:36:01,535 - INFO - Maximum number of columns found: 290
2024-06-27 11:36:01,972 - INFO - CSV file read and cleaned successfully.
2024-06-27 11:36:02,756 - INFO - Data loaded successfully.
2024-06-27 11:36:02,776 - INFO - Data split successfully.
2024-06-27 11:36:03,155 - INFO - DataFrames saved successfully.
2024-06-27 11:36:03,155 - INFO - Data processing complete. DataFrames saved.
2024-06-27 11:36:34,086 - INFO - Starting data processing for file: C:\Users\d.muehlfeld\Berechnungsdaten\25_Schopfloch.CSV
2024-06-27 11:36:34,087 - INFO - DataLoader initialized with file path: C:\Users\d.muehlfeld\Berechnungsdaten\25_Schopfloch.CSV
2024-06-27 11:36:34,246 - INFO - Maximum number of columns found: 290
2024-06-27 11:36:34,679 - INFO - CSV file read and cleaned successfully.
2024-06-27 11:36:35,440 - INFO - Data loaded successfully.
2024-06-27 11:36:35,458 - INFO - Data split successfully.
2024-06-27 11:36:35,854 - INFO - DataFrames saved successfully.
2024-06-27 11:36:35,854 - INFO - Data processing complete. DataFrames saved.
