2024-08-02 10:20:22,964 - INFO - Loaded data from C:\Users\d.muehlfeld\Berechnungsdaten\Trainingsdaten\export_results_13_Spechbach_RNAB.TXT_0_Pipes.csv with shape (358, 15)
2024-08-02 10:20:22,973 - INFO - Loaded data from C:\Users\d.muehlfeld\Berechnungsdaten\Trainingsdaten\export_results_13_Spechbach_RNAB.TXT_10_Pipes.csv with shape (358, 15)
2024-08-02 10:20:22,982 - INFO - Loaded data from C:\Users\d.muehlfeld\Berechnungsdaten\Trainingsdaten\export_results_13_Spechbach_RNAB.TXT_11_Pipes.csv with shape (358, 15)
2024-08-02 10:20:22,990 - INFO - Loaded data from C:\Users\d.muehlfeld\Berechnungsdaten\Trainingsdaten\export_results_13_Spechbach_RNAB.TXT_12_Pipes.csv with shape (358, 15)
2024-08-02 10:20:22,998 - INFO - Loaded data from C:\Users\d.muehlfeld\Berechnungsdaten\Trainingsdaten\export_results_13_Spechbach_RNAB.TXT_13_Pipes.csv with shape (358, 15)
2024-08-02 10:20:23,005 - INFO - Loaded data from C:\Users\d.muehlfeld\Berechnungsdaten\Trainingsdaten\export_results_13_Spechbach_RNAB.TXT_14_Pipes.csv with shape (358, 15)
2024-08-02 10:20:23,013 - INFO - Loaded data from C:\Users\d.muehlfeld\Berechnungsdaten\Trainingsdaten\export_results_13_Spechbach_RNAB.TXT_15_Pipes.csv with shape (358, 15)
2024-08-02 10:20:23,021 - INFO - Loaded data from C:\Users\d.muehlfeld\Berechnungsdaten\Trainingsdaten\export_results_13_Spechbach_RNAB.TXT_16_Pipes.csv with shape (358, 15)
2024-08-02 10:20:23,029 - INFO - Loaded data from C:\Users\d.muehlfeld\Berechnungsdaten\Trainingsdaten\export_results_13_Spechbach_RNAB.TXT_17_Pipes.csv with shape (358, 15)
2024-08-02 10:20:23,037 - INFO - Loaded data from C:\Users\d.muehlfeld\Berechnungsdaten\Trainingsdaten\export_results_13_Spechbach_RNAB.TXT_18_Pipes.csv with shape (358, 15)
2024-08-02 10:20:23,044 - INFO - Loaded data from C:\Users\d.muehlfeld\Berechnungsdaten\Trainingsdaten\export_results_13_Spechbach_RNAB.TXT_19_Pipes.csv with shape (358, 15)
2024-08-02 10:20:23,052 - INFO - Loaded data from C:\Users\d.muehlfeld\Berechnungsdaten\Trainingsdaten\export_results_13_Spechbach_RNAB.TXT_1_Pipes.csv with shape (358, 15)
2024-08-02 10:20:23,060 - INFO - Loaded data from C:\Users\d.muehlfeld\Berechnungsdaten\Trainingsdaten\export_results_13_Spechbach_RNAB.TXT_20_Pipes.csv with shape (358, 15)
2024-08-02 10:20:23,068 - INFO - Loaded data from C:\Users\d.muehlfeld\Berechnungsdaten\Trainingsdaten\export_results_13_Spechbach_RNAB.TXT_21_Pipes.csv with shape (358, 15)
2024-08-02 10:20:23,074 - INFO - Loaded data from C:\Users\d.muehlfeld\Berechnungsdaten\Trainingsdaten\export_results_13_Spechbach_RNAB.TXT_22_Pipes.csv with shape (358, 15)
2024-08-02 10:20:23,083 - INFO - Loaded data from C:\Users\d.muehlfeld\Berechnungsdaten\Trainingsdaten\export_results_13_Spechbach_RNAB.TXT_23_Pipes.csv with shape (358, 15)
2024-08-02 10:20:23,091 - INFO - Loaded data from C:\Users\d.muehlfeld\Berechnungsdaten\Trainingsdaten\export_results_13_Spechbach_RNAB.TXT_24_Pipes.csv with shape (358, 15)
2024-08-02 10:20:23,098 - INFO - Loaded data from C:\Users\d.muehlfeld\Berechnungsdaten\Trainingsdaten\export_results_13_Spechbach_RNAB.TXT_25_Pipes.csv with shape (358, 15)
2024-08-02 10:20:23,106 - INFO - Loaded data from C:\Users\d.muehlfeld\Berechnungsdaten\Trainingsdaten\export_results_13_Spechbach_RNAB.TXT_26_Pipes.csv with shape (358, 15)
2024-08-02 10:20:23,113 - INFO - Loaded data from C:\Users\d.muehlfeld\Berechnungsdaten\Trainingsdaten\export_results_13_Spechbach_RNAB.TXT_27_Pipes.csv with shape (358, 15)
2024-08-02 10:20:23,121 - INFO - Loaded data from C:\Users\d.muehlfeld\Berechnungsdaten\Trainingsdaten\export_results_13_Spechbach_RNAB.TXT_28_Pipes.csv with shape (358, 15)
2024-08-02 10:20:23,128 - INFO - Loaded data from C:\Users\d.muehlfeld\Berechnungsdaten\Trainingsdaten\export_results_13_Spechbach_RNAB.TXT_29_Pipes.csv with shape (358, 15)
2024-08-02 10:20:23,135 - INFO - Loaded data from C:\Users\d.muehlfeld\Berechnungsdaten\Trainingsdaten\export_results_13_Spechbach_RNAB.TXT_2_Pipes.csv with shape (358, 15)
2024-08-02 10:20:23,143 - INFO - Loaded data from C:\Users\d.muehlfeld\Berechnungsdaten\Trainingsdaten\export_results_13_Spechbach_RNAB.TXT_30_Pipes.csv with shape (358, 15)
2024-08-02 10:20:23,150 - INFO - Loaded data from C:\Users\d.muehlfeld\Berechnungsdaten\Trainingsdaten\export_results_13_Spechbach_RNAB.TXT_31_Pipes.csv with shape (358, 15)
2024-08-02 10:20:23,158 - INFO - Loaded data from C:\Users\d.muehlfeld\Berechnungsdaten\Trainingsdaten\export_results_13_Spechbach_RNAB.TXT_32_Pipes.csv with shape (358, 15)
2024-08-02 10:20:23,163 - INFO - Loaded data from C:\Users\d.muehlfeld\Berechnungsdaten\Trainingsdaten\export_results_13_Spechbach_RNAB.TXT_33_Pipes.csv with shape (358, 15)
2024-08-02 10:20:23,171 - INFO - Loaded data from C:\Users\d.muehlfeld\Berechnungsdaten\Trainingsdaten\export_results_13_Spechbach_RNAB.TXT_34_Pipes.csv with shape (358, 15)
2024-08-02 10:20:23,175 - INFO - Loaded data from C:\Users\d.muehlfeld\Berechnungsdaten\Trainingsdaten\export_results_13_Spechbach_RNAB.TXT_35_Pipes.csv with shape (358, 15)
2024-08-02 10:20:23,180 - INFO - Loaded data from C:\Users\d.muehlfeld\Berechnungsdaten\Trainingsdaten\export_results_13_Spechbach_RNAB.TXT_36_Pipes.csv with shape (358, 15)
2024-08-02 10:20:23,185 - INFO - Loaded data from C:\Users\d.muehlfeld\Berechnungsdaten\Trainingsdaten\export_results_13_Spechbach_RNAB.TXT_37_Pipes.csv with shape (358, 15)
2024-08-02 10:20:23,190 - INFO - Loaded data from C:\Users\d.muehlfeld\Berechnungsdaten\Trainingsdaten\export_results_13_Spechbach_RNAB.TXT_38_Pipes.csv with shape (358, 15)
2024-08-02 10:20:23,194 - INFO - Loaded data from C:\Users\d.muehlfeld\Berechnungsdaten\Trainingsdaten\export_results_13_Spechbach_RNAB.TXT_39_Pipes.csv with shape (358, 15)
2024-08-02 10:20:23,202 - INFO - Loaded data from C:\Users\d.muehlfeld\Berechnungsdaten\Trainingsdaten\export_results_13_Spechbach_RNAB.TXT_3_Pipes.csv with shape (358, 15)
2024-08-02 10:20:23,206 - INFO - Loaded data from C:\Users\d.muehlfeld\Berechnungsdaten\Trainingsdaten\export_results_13_Spechbach_RNAB.TXT_40_Pipes.csv with shape (358, 15)
2024-08-02 10:20:23,211 - INFO - Loaded data from C:\Users\d.muehlfeld\Berechnungsdaten\Trainingsdaten\export_results_13_Spechbach_RNAB.TXT_41_Pipes.csv with shape (358, 15)
2024-08-02 10:20:23,217 - INFO - Loaded data from C:\Users\d.muehlfeld\Berechnungsdaten\Trainingsdaten\export_results_13_Spechbach_RNAB.TXT_42_Pipes.csv with shape (358, 15)
2024-08-02 10:20:23,222 - INFO - Loaded data from C:\Users\d.muehlfeld\Berechnungsdaten\Trainingsdaten\export_results_13_Spechbach_RNAB.TXT_43_Pipes.csv with shape (358, 15)
2024-08-02 10:20:23,228 - INFO - Loaded data from C:\Users\d.muehlfeld\Berechnungsdaten\Trainingsdaten\export_results_13_Spechbach_RNAB.TXT_44_Pipes.csv with shape (358, 15)
2024-08-02 10:20:23,232 - INFO - Loaded data from C:\Users\d.muehlfeld\Berechnungsdaten\Trainingsdaten\export_results_13_Spechbach_RNAB.TXT_45_Pipes.csv with shape (358, 15)
2024-08-02 10:20:23,237 - INFO - Loaded data from C:\Users\d.muehlfeld\Berechnungsdaten\Trainingsdaten\export_results_13_Spechbach_RNAB.TXT_46_Pipes.csv with shape (358, 15)
2024-08-02 10:20:23,241 - INFO - Loaded data from C:\Users\d.muehlfeld\Berechnungsdaten\Trainingsdaten\export_results_13_Spechbach_RNAB.TXT_47_Pipes.csv with shape (358, 15)
2024-08-02 10:20:23,245 - INFO - Loaded data from C:\Users\d.muehlfeld\Berechnungsdaten\Trainingsdaten\export_results_13_Spechbach_RNAB.TXT_48_Pipes.csv with shape (358, 15)
2024-08-02 10:20:23,250 - INFO - Loaded data from C:\Users\d.muehlfeld\Berechnungsdaten\Trainingsdaten\export_results_13_Spechbach_RNAB.TXT_49_Pipes.csv with shape (358, 15)
2024-08-02 10:20:23,255 - INFO - Loaded data from C:\Users\d.muehlfeld\Berechnungsdaten\Trainingsdaten\export_results_13_Spechbach_RNAB.TXT_4_Pipes.csv with shape (358, 15)
2024-08-02 10:20:23,260 - INFO - Loaded data from C:\Users\d.muehlfeld\Berechnungsdaten\Trainingsdaten\export_results_13_Spechbach_RNAB.TXT_50_Pipes.csv with shape (358, 15)
2024-08-02 10:20:23,265 - INFO - Loaded data from C:\Users\d.muehlfeld\Berechnungsdaten\Trainingsdaten\export_results_13_Spechbach_RNAB.TXT_51_Pipes.csv with shape (358, 15)
2024-08-02 10:20:23,269 - INFO - Loaded data from C:\Users\d.muehlfeld\Berechnungsdaten\Trainingsdaten\export_results_13_Spechbach_RNAB.TXT_52_Pipes.csv with shape (358, 15)
2024-08-02 10:20:23,274 - INFO - Loaded data from C:\Users\d.muehlfeld\Berechnungsdaten\Trainingsdaten\export_results_13_Spechbach_RNAB.TXT_53_Pipes.csv with shape (358, 15)
2024-08-02 10:20:23,279 - INFO - Loaded data from C:\Users\d.muehlfeld\Berechnungsdaten\Trainingsdaten\export_results_13_Spechbach_RNAB.TXT_54_Pipes.csv with shape (358, 15)
2024-08-02 10:20:23,284 - INFO - Loaded data from C:\Users\d.muehlfeld\Berechnungsdaten\Trainingsdaten\export_results_13_Spechbach_RNAB.TXT_55_Pipes.csv with shape (358, 15)
2024-08-02 10:20:23,288 - INFO - Loaded data from C:\Users\d.muehlfeld\Berechnungsdaten\Trainingsdaten\export_results_13_Spechbach_RNAB.TXT_56_Pipes.csv with shape (358, 15)
2024-08-02 10:20:23,293 - INFO - Loaded data from C:\Users\d.muehlfeld\Berechnungsdaten\Trainingsdaten\export_results_13_Spechbach_RNAB.TXT_57_Pipes.csv with shape (358, 15)
2024-08-02 10:20:23,297 - INFO - Loaded data from C:\Users\d.muehlfeld\Berechnungsdaten\Trainingsdaten\export_results_13_Spechbach_RNAB.TXT_58_Pipes.csv with shape (358, 15)
2024-08-02 10:20:23,302 - INFO - Loaded data from C:\Users\d.muehlfeld\Berechnungsdaten\Trainingsdaten\export_results_13_Spechbach_RNAB.TXT_59_Pipes.csv with shape (358, 15)
2024-08-02 10:20:23,306 - INFO - Loaded data from C:\Users\d.muehlfeld\Berechnungsdaten\Trainingsdaten\export_results_13_Spechbach_RNAB.TXT_5_Pipes.csv with shape (358, 15)
2024-08-02 10:20:23,311 - INFO - Loaded data from C:\Users\d.muehlfeld\Berechnungsdaten\Trainingsdaten\export_results_13_Spechbach_RNAB.TXT_60_Pipes.csv with shape (358, 15)
2024-08-02 10:20:23,315 - INFO - Loaded data from C:\Users\d.muehlfeld\Berechnungsdaten\Trainingsdaten\export_results_13_Spechbach_RNAB.TXT_61_Pipes.csv with shape (358, 15)
2024-08-02 10:20:23,319 - INFO - Loaded data from C:\Users\d.muehlfeld\Berechnungsdaten\Trainingsdaten\export_results_13_Spechbach_RNAB.TXT_62_Pipes.csv with shape (358, 15)
2024-08-02 10:20:23,324 - INFO - Loaded data from C:\Users\d.muehlfeld\Berechnungsdaten\Trainingsdaten\export_results_13_Spechbach_RNAB.TXT_63_Pipes.csv with shape (358, 15)
2024-08-02 10:20:23,328 - INFO - Loaded data from C:\Users\d.muehlfeld\Berechnungsdaten\Trainingsdaten\export_results_13_Spechbach_RNAB.TXT_64_Pipes.csv with shape (358, 15)
2024-08-02 10:20:23,332 - INFO - Loaded data from C:\Users\d.muehlfeld\Berechnungsdaten\Trainingsdaten\export_results_13_Spechbach_RNAB.TXT_65_Pipes.csv with shape (358, 15)
2024-08-02 10:20:23,337 - INFO - Loaded data from C:\Users\d.muehlfeld\Berechnungsdaten\Trainingsdaten\export_results_13_Spechbach_RNAB.TXT_66_Pipes.csv with shape (358, 15)
2024-08-02 10:20:23,342 - INFO - Loaded data from C:\Users\d.muehlfeld\Berechnungsdaten\Trainingsdaten\export_results_13_Spechbach_RNAB.TXT_67_Pipes.csv with shape (358, 15)
2024-08-02 10:20:23,346 - INFO - Loaded data from C:\Users\d.muehlfeld\Berechnungsdaten\Trainingsdaten\export_results_13_Spechbach_RNAB.TXT_68_Pipes.csv with shape (358, 15)
2024-08-02 10:20:23,351 - INFO - Loaded data from C:\Users\d.muehlfeld\Berechnungsdaten\Trainingsdaten\export_results_13_Spechbach_RNAB.TXT_69_Pipes.csv with shape (358, 15)
2024-08-02 10:20:23,355 - INFO - Loaded data from C:\Users\d.muehlfeld\Berechnungsdaten\Trainingsdaten\export_results_13_Spechbach_RNAB.TXT_6_Pipes.csv with shape (358, 15)
2024-08-02 10:20:23,359 - INFO - Loaded data from C:\Users\d.muehlfeld\Berechnungsdaten\Trainingsdaten\export_results_13_Spechbach_RNAB.TXT_70_Pipes.csv with shape (358, 15)
2024-08-02 10:20:23,364 - INFO - Loaded data from C:\Users\d.muehlfeld\Berechnungsdaten\Trainingsdaten\export_results_13_Spechbach_RNAB.TXT_71_Pipes.csv with shape (358, 15)
2024-08-02 10:20:23,369 - INFO - Loaded data from C:\Users\d.muehlfeld\Berechnungsdaten\Trainingsdaten\export_results_13_Spechbach_RNAB.TXT_72_Pipes.csv with shape (358, 15)
2024-08-02 10:20:23,374 - INFO - Loaded data from C:\Users\d.muehlfeld\Berechnungsdaten\Trainingsdaten\export_results_13_Spechbach_RNAB.TXT_73_Pipes.csv with shape (358, 15)
2024-08-02 10:20:23,378 - INFO - Loaded data from C:\Users\d.muehlfeld\Berechnungsdaten\Trainingsdaten\export_results_13_Spechbach_RNAB.TXT_74_Pipes.csv with shape (358, 15)
2024-08-02 10:20:23,382 - INFO - Loaded data from C:\Users\d.muehlfeld\Berechnungsdaten\Trainingsdaten\export_results_13_Spechbach_RNAB.TXT_75_Pipes.csv with shape (358, 15)
2024-08-02 10:20:23,387 - INFO - Loaded data from C:\Users\d.muehlfeld\Berechnungsdaten\Trainingsdaten\export_results_13_Spechbach_RNAB.TXT_76_Pipes.csv with shape (358, 15)
2024-08-02 10:20:23,391 - INFO - Loaded data from C:\Users\d.muehlfeld\Berechnungsdaten\Trainingsdaten\export_results_13_Spechbach_RNAB.TXT_77_Pipes.csv with shape (358, 15)
2024-08-02 10:20:23,395 - INFO - Loaded data from C:\Users\d.muehlfeld\Berechnungsdaten\Trainingsdaten\export_results_13_Spechbach_RNAB.TXT_78_Pipes.csv with shape (358, 15)
2024-08-02 10:20:23,399 - INFO - Loaded data from C:\Users\d.muehlfeld\Berechnungsdaten\Trainingsdaten\export_results_13_Spechbach_RNAB.TXT_79_Pipes.csv with shape (358, 15)
2024-08-02 10:20:23,404 - INFO - Loaded data from C:\Users\d.muehlfeld\Berechnungsdaten\Trainingsdaten\export_results_13_Spechbach_RNAB.TXT_7_Pipes.csv with shape (358, 15)
2024-08-02 10:20:23,409 - INFO - Loaded data from C:\Users\d.muehlfeld\Berechnungsdaten\Trainingsdaten\export_results_13_Spechbach_RNAB.TXT_80_Pipes.csv with shape (358, 15)
2024-08-02 10:20:23,413 - INFO - Loaded data from C:\Users\d.muehlfeld\Berechnungsdaten\Trainingsdaten\export_results_13_Spechbach_RNAB.TXT_81_Pipes.csv with shape (358, 15)
2024-08-02 10:20:23,418 - INFO - Loaded data from C:\Users\d.muehlfeld\Berechnungsdaten\Trainingsdaten\export_results_13_Spechbach_RNAB.TXT_82_Pipes.csv with shape (358, 15)
2024-08-02 10:20:23,422 - INFO - Loaded data from C:\Users\d.muehlfeld\Berechnungsdaten\Trainingsdaten\export_results_13_Spechbach_RNAB.TXT_83_Pipes.csv with shape (358, 15)
2024-08-02 10:20:23,426 - INFO - Loaded data from C:\Users\d.muehlfeld\Berechnungsdaten\Trainingsdaten\export_results_13_Spechbach_RNAB.TXT_84_Pipes.csv with shape (358, 15)
2024-08-02 10:20:23,431 - INFO - Loaded data from C:\Users\d.muehlfeld\Berechnungsdaten\Trainingsdaten\export_results_13_Spechbach_RNAB.TXT_85_Pipes.csv with shape (358, 15)
2024-08-02 10:20:23,436 - INFO - Loaded data from C:\Users\d.muehlfeld\Berechnungsdaten\Trainingsdaten\export_results_13_Spechbach_RNAB.TXT_86_Pipes.csv with shape (358, 15)
2024-08-02 10:20:23,441 - INFO - Loaded data from C:\Users\d.muehlfeld\Berechnungsdaten\Trainingsdaten\export_results_13_Spechbach_RNAB.TXT_87_Pipes.csv with shape (358, 15)
2024-08-02 10:20:23,447 - INFO - Loaded data from C:\Users\d.muehlfeld\Berechnungsdaten\Trainingsdaten\export_results_13_Spechbach_RNAB.TXT_88_Pipes.csv with shape (358, 15)
2024-08-02 10:20:23,452 - INFO - Loaded data from C:\Users\d.muehlfeld\Berechnungsdaten\Trainingsdaten\export_results_13_Spechbach_RNAB.TXT_89_Pipes.csv with shape (358, 15)
2024-08-02 10:20:23,457 - INFO - Loaded data from C:\Users\d.muehlfeld\Berechnungsdaten\Trainingsdaten\export_results_13_Spechbach_RNAB.TXT_8_Pipes.csv with shape (358, 15)
2024-08-02 10:20:23,461 - INFO - Loaded data from C:\Users\d.muehlfeld\Berechnungsdaten\Trainingsdaten\export_results_13_Spechbach_RNAB.TXT_90_Pipes.csv with shape (358, 15)
2024-08-02 10:20:23,467 - INFO - Loaded data from C:\Users\d.muehlfeld\Berechnungsdaten\Trainingsdaten\export_results_13_Spechbach_RNAB.TXT_91_Pipes.csv with shape (358, 15)
2024-08-02 10:20:23,472 - INFO - Loaded data from C:\Users\d.muehlfeld\Berechnungsdaten\Trainingsdaten\export_results_13_Spechbach_RNAB.TXT_92_Pipes.csv with shape (358, 15)
2024-08-02 10:20:23,480 - INFO - Loaded data from C:\Users\d.muehlfeld\Berechnungsdaten\Trainingsdaten\export_results_13_Spechbach_RNAB.TXT_93_Pipes.csv with shape (358, 15)
2024-08-02 10:20:23,484 - INFO - Loaded data from C:\Users\d.muehlfeld\Berechnungsdaten\Trainingsdaten\export_results_13_Spechbach_RNAB.TXT_94_Pipes.csv with shape (358, 15)
2024-08-02 10:20:23,489 - INFO - Loaded data from C:\Users\d.muehlfeld\Berechnungsdaten\Trainingsdaten\export_results_13_Spechbach_RNAB.TXT_95_Pipes.csv with shape (358, 15)
2024-08-02 10:20:23,494 - INFO - Loaded data from C:\Users\d.muehlfeld\Berechnungsdaten\Trainingsdaten\export_results_13_Spechbach_RNAB.TXT_96_Pipes.csv with shape (358, 15)
2024-08-02 10:20:23,499 - INFO - Loaded data from C:\Users\d.muehlfeld\Berechnungsdaten\Trainingsdaten\export_results_13_Spechbach_RNAB.TXT_97_Pipes.csv with shape (358, 15)
2024-08-02 10:20:23,504 - INFO - Loaded data from C:\Users\d.muehlfeld\Berechnungsdaten\Trainingsdaten\export_results_13_Spechbach_RNAB.TXT_98_Pipes.csv with shape (358, 15)
2024-08-02 10:20:23,509 - INFO - Loaded data from C:\Users\d.muehlfeld\Berechnungsdaten\Trainingsdaten\export_results_13_Spechbach_RNAB.TXT_99_Pipes.csv with shape (358, 15)
2024-08-02 10:20:23,515 - INFO - Loaded data from C:\Users\d.muehlfeld\Berechnungsdaten\Trainingsdaten\export_results_13_Spechbach_RNAB.TXT_9_Pipes.csv with shape (358, 15)
2024-08-02 10:20:23,530 - INFO - Combined data shape: (35800, 15)
2024-08-02 10:20:23,550 - INFO - Feature engineering complete with polynomial features of degree 2
2024-08-02 10:20:23,560 - INFO - Data split into training and testing sets with test size 20%
2024-08-02 10:20:23,582 - INFO - Data scaling complete using StandardScaler
2024-08-02 10:22:09,793 - INFO - ANN Model - MSE: 5.934272561185539, RMSE: 2.436036239711047, R2: 0.76464318120539
2024-08-02 10:22:40,678 - INFO - Performance on large values - MSE: 21.11337313381103, RMSE: 4.5949290673318375
